<?xml version="1.0" encoding="UTF-8"?>
<testsuite xmlns:xsi="http://www.w3.org/2001/XMLSchema-instance" xsi:noNamespaceSchemaLocation="https://maven.apache.org/surefire/maven-surefire-plugin/xsd/surefire-test-report.xsd" name="com.zcl.ssm.AppTest" time="0.024" tests="1" errors="0" skipped="0" failures="0">
  <properties>
    <property name="sun.desktop" value="gnome"/>
    <property name="awt.toolkit" value="sun.awt.X11.XToolkit"/>
    <property name="file.encoding.pkg" value="sun.io"/>
    <property name="java.specification.version" value="1.8"/>
    <property name="sun.cpu.isalist" value=""/>
    <property name="sun.jnu.encoding" value="UTF-8"/>
    <property name="java.class.path" value="/data/work/ideaWorkspace/java-study/ssm/target/test-classes:/data/work/ideaWorkspace/java-study/ssm/target/classes:/data/work/repository/junit/junit/4.11/junit-4.11.jar:/data/work/repository/org/hamcrest/hamcrest-core/1.3/hamcrest-core-1.3.jar:/data/work/repository/org/springframework/spring-webmvc/4.0.2.RELEASE/spring-webmvc-4.0.2.RELEASE.jar:/data/work/repository/org/springframework/spring-beans/4.0.2.RELEASE/spring-beans-4.0.2.RELEASE.jar:/data/work/repository/org/springframework/spring-core/4.0.2.RELEASE/spring-core-4.0.2.RELEASE.jar:/data/work/repository/commons-logging/commons-logging/1.1.3/commons-logging-1.1.3.jar:/data/work/repository/org/springframework/spring-expression/4.0.2.RELEASE/spring-expression-4.0.2.RELEASE.jar:/data/work/repository/org/springframework/spring-context/4.0.2.RELEASE/spring-context-4.0.2.RELEASE.jar:/data/work/repository/org/springframework/spring-aop/4.0.2.RELEASE/spring-aop-4.0.2.RELEASE.jar:/data/work/repository/aopalliance/aopalliance/1.0/aopalliance-1.0.jar:/data/work/repository/org/springframework/spring-web/4.0.2.RELEASE/spring-web-4.0.2.RELEASE.jar:/data/work/repository/org/springframework/spring-aspects/4.0.2.RELEASE/spring-aspects-4.0.2.RELEASE.jar:/data/work/repository/org/aspectj/aspectjweaver/1.7.4/aspectjweaver-1.7.4.jar:/data/work/repository/org/springframework/spring-jdbc/5.1.3.RELEASE/spring-jdbc-5.1.3.RELEASE.jar:/data/work/repository/org/springframework/spring-tx/5.1.3.RELEASE/spring-tx-5.1.3.RELEASE.jar:/data/work/repository/org/mybatis/mybatis/3.4.6/mybatis-3.4.6.jar:/data/work/repository/org/mybatis/mybatis-spring/1.3.0/mybatis-spring-1.3.0.jar:"/>
    <property name="java.vm.vendor" value="Oracle Corporation"/>
    <property name="sun.arch.data.model" value="64"/>
    <property name="java.vendor.url" value="http://java.oracle.com/"/>
    <property name="user.timezone" value=""/>
    <property name="java.vm.specification.version" value="1.8"/>
    <property name="os.name" value="Linux"/>
    <property name="user.country" value="CN"/>
    <property name="sun.java.launcher" value="SUN_STANDARD"/>
    <property name="sun.boot.library.path" value="/usr/lib/jvm/java-8-oracle/jre/lib/amd64"/>
    <property name="sun.java.command" value="/data/work/ideaWorkspace/java-study/ssm/target/surefire/surefirebooter769821451233431952.jar /data/work/ideaWorkspace/java-study/ssm/target/surefire 2019-07-08T16-38-05_089-jvmRun1 surefire4692926408220031766tmp surefire_06290005528308109168tmp"/>
    <property name="surefire.test.class.path" value="/data/work/ideaWorkspace/java-study/ssm/target/test-classes:/data/work/ideaWorkspace/java-study/ssm/target/classes:/data/work/repository/junit/junit/4.11/junit-4.11.jar:/data/work/repository/org/hamcrest/hamcrest-core/1.3/hamcrest-core-1.3.jar:/data/work/repository/org/springframework/spring-webmvc/4.0.2.RELEASE/spring-webmvc-4.0.2.RELEASE.jar:/data/work/repository/org/springframework/spring-beans/4.0.2.RELEASE/spring-beans-4.0.2.RELEASE.jar:/data/work/repository/org/springframework/spring-core/4.0.2.RELEASE/spring-core-4.0.2.RELEASE.jar:/data/work/repository/commons-logging/commons-logging/1.1.3/commons-logging-1.1.3.jar:/data/work/repository/org/springframework/spring-expression/4.0.2.RELEASE/spring-expression-4.0.2.RELEASE.jar:/data/work/repository/org/springframework/spring-context/4.0.2.RELEASE/spring-context-4.0.2.RELEASE.jar:/data/work/repository/org/springframework/spring-aop/4.0.2.RELEASE/spring-aop-4.0.2.RELEASE.jar:/data/work/repository/aopalliance/aopalliance/1.0/aopalliance-1.0.jar:/data/work/repository/org/springframework/spring-web/4.0.2.RELEASE/spring-web-4.0.2.RELEASE.jar:/data/work/repository/org/springframework/spring-aspects/4.0.2.RELEASE/spring-aspects-4.0.2.RELEASE.jar:/data/work/repository/org/aspectj/aspectjweaver/1.7.4/aspectjweaver-1.7.4.jar:/data/work/repository/org/springframework/spring-jdbc/5.1.3.RELEASE/spring-jdbc-5.1.3.RELEASE.jar:/data/work/repository/org/springframework/spring-tx/5.1.3.RELEASE/spring-tx-5.1.3.RELEASE.jar:/data/work/repository/org/mybatis/mybatis/3.4.6/mybatis-3.4.6.jar:/data/work/repository/org/mybatis/mybatis-spring/1.3.0/mybatis-spring-1.3.0.jar:"/>
    <property name="sun.cpu.endian" value="little"/>
    <property name="user.home" value="/home/homolo"/>
    <property name="user.language" value="zh"/>
    <property name="java.specification.vendor" value="Oracle Corporation"/>
    <property name="java.home" value="/usr/lib/jvm/java-8-oracle/jre"/>
    <property name="basedir" value="/data/work/ideaWorkspace/java-study/ssm"/>
    <property name="file.separator" value="/"/>
    <property name="line.separator" value="&#10;"/>
    <property name="java.vm.specification.vendor" value="Oracle Corporation"/>
    <property name="java.specification.name" value="Java Platform API Specification"/>
    <property name="java.awt.graphicsenv" value="sun.awt.X11GraphicsEnvironment"/>
    <property name="surefire.real.class.path" value="/data/work/ideaWorkspace/java-study/ssm/target/surefire/surefirebooter769821451233431952.jar"/>
    <property name="sun.boot.class.path" value="/usr/lib/jvm/java-8-oracle/jre/lib/resources.jar:/usr/lib/jvm/java-8-oracle/jre/lib/rt.jar:/usr/lib/jvm/java-8-oracle/jre/lib/sunrsasign.jar:/usr/lib/jvm/java-8-oracle/jre/lib/jsse.jar:/usr/lib/jvm/java-8-oracle/jre/lib/jce.jar:/usr/lib/jvm/java-8-oracle/jre/lib/charsets.jar:/usr/lib/jvm/java-8-oracle/jre/lib/jfr.jar:/usr/lib/jvm/java-8-oracle/jre/classes"/>
    <property name="sun.management.compiler" value="HotSpot 64-Bit Tiered Compilers"/>
    <property name="java.runtime.version" value="1.8.0_201-b09"/>
    <property name="user.name" value="homolo"/>
    <property name="path.separator" value=":"/>
    <property name="os.version" value="4.15.0-47-generic"/>
    <property name="java.endorsed.dirs" value="/usr/lib/jvm/java-8-oracle/jre/lib/endorsed"/>
    <property name="java.runtime.name" value="Java(TM) SE Runtime Environment"/>
    <property name="file.encoding" value="UTF-8"/>
    <property name="java.vm.name" value="Java HotSpot(TM) 64-Bit Server VM"/>
    <property name="localRepository" value="/data/work/repository"/>
    <property name="java.vendor.url.bug" value="http://bugreport.sun.com/bugreport/"/>
    <property name="java.io.tmpdir" value="/tmp"/>
    <property name="java.version" value="1.8.0_201"/>
    <property name="user.dir" value="/data/work/ideaWorkspace/java-study/ssm"/>
    <property name="os.arch" value="amd64"/>
    <property name="java.vm.specification.name" value="Java Virtual Machine Specification"/>
    <property name="java.awt.printerjob" value="sun.print.PSPrinterJob"/>
    <property name="sun.os.patch.level" value="unknown"/>
    <property name="idea.version2019.1" value="true"/>
    <property name="java.library.path" value="/usr/java/packages/lib/amd64:/usr/lib64:/lib64:/lib:/usr/lib"/>
    <property name="java.vm.info" value="mixed mode"/>
    <property name="java.vendor" value="Oracle Corporation"/>
    <property name="java.vm.version" value="25.201-b09"/>
    <property name="java.ext.dirs" value="/usr/lib/jvm/java-8-oracle/jre/lib/ext:/usr/java/packages/lib/ext"/>
    <property name="sun.io.unicode.encoding" value="UnicodeLittle"/>
    <property name="maven.repo.local" value="/data/work/repository"/>
    <property name="java.class.version" value="52.0"/>
  </properties>
  <testcase name="shouldAnswerWithTrue" classname="com.zcl.ssm.AppTest" time="0.001"/>
</testsuite>