<?xml version="1.0" encoding="UTF-8"?>
<testsuite xmlns:xsi="http://www.w3.org/2001/XMLSchema-instance" xsi:noNamespaceSchemaLocation="https://maven.apache.org/surefire/maven-surefire-plugin/xsd/surefire-test-report.xsd" name="com.zcl.ssm.AppTest" time="0.1" tests="1" errors="0" skipped="0" failures="0">
  <properties>
    <property name="sun.desktop" value="gnome"/>
    <property name="awt.toolkit" value="sun.awt.X11.XToolkit"/>
    <property name="file.encoding.pkg" value="sun.io"/>
    <property name="java.specification.version" value="1.8"/>
    <property name="sun.cpu.isalist" value=""/>
    <property name="sun.jnu.encoding" value="UTF-8"/>
    <property name="java.class.path" value="/home/homolo/桌面/zcl/workspace/JAVAWeb-Advanced/zcl-ssm/target/test-classes:/home/homolo/桌面/zcl/workspace/JAVAWeb-Advanced/zcl-ssm/target/classes:/home/homolo/桌面/zcl/repositories/junit/junit/4.11/junit-4.11.jar:/home/homolo/桌面/zcl/repositories/org/hamcrest/hamcrest-core/1.3/hamcrest-core-1.3.jar:/home/homolo/桌面/zcl/repositories/org/springframework/spring-webmvc/4.0.2.RELEASE/spring-webmvc-4.0.2.RELEASE.jar:/home/homolo/桌面/zcl/repositories/org/springframework/spring-beans/4.0.2.RELEASE/spring-beans-4.0.2.RELEASE.jar:/home/homolo/桌面/zcl/repositories/org/springframework/spring-core/4.0.2.RELEASE/spring-core-4.0.2.RELEASE.jar:/home/homolo/桌面/zcl/repositories/commons-logging/commons-logging/1.1.3/commons-logging-1.1.3.jar:/home/homolo/桌面/zcl/repositories/org/springframework/spring-expression/4.0.2.RELEASE/spring-expression-4.0.2.RELEASE.jar:/home/homolo/桌面/zcl/repositories/org/springframework/spring-context/4.0.2.RELEASE/spring-context-4.0.2.RELEASE.jar:/home/homolo/桌面/zcl/repositories/org/springframework/spring-aop/4.0.2.RELEASE/spring-aop-4.0.2.RELEASE.jar:/home/homolo/桌面/zcl/repositories/aopalliance/aopalliance/1.0/aopalliance-1.0.jar:/home/homolo/桌面/zcl/repositories/org/springframework/spring-web/4.0.2.RELEASE/spring-web-4.0.2.RELEASE.jar:/home/homolo/桌面/zcl/repositories/org/springframework/spring-aspects/4.0.2.RELEASE/spring-aspects-4.0.2.RELEASE.jar:/home/homolo/桌面/zcl/repositories/org/aspectj/aspectjweaver/1.7.4/aspectjweaver-1.7.4.jar:/home/homolo/桌面/zcl/repositories/org/mybatis/mybatis/3.4.6/mybatis-3.4.6.jar:/home/homolo/桌面/zcl/repositories/org/mybatis/mybatis-spring/1.3.0/mybatis-spring-1.3.0.jar:"/>
    <property name="java.vm.vendor" value="Oracle Corporation"/>
    <property name="sun.arch.data.model" value="64"/>
    <property name="java.vendor.url" value="http://java.oracle.com/"/>
    <property name="user.timezone" value=""/>
    <property name="java.vm.specification.version" value="1.8"/>
    <property name="os.name" value="Linux"/>
    <property name="user.country" value="CN"/>
    <property name="sun.java.launcher" value="SUN_STANDARD"/>
    <property name="sun.boot.library.path" value="/usr/lib/jvm/java-8-oracle/jre/lib/amd64"/>
    <property name="sun.java.command" value="/home/homolo/桌面/zcl/workspace/JAVAWeb-Advanced/zcl-ssm/target/surefire/surefirebooter3929599735732984944.jar /home/homolo/桌面/zcl/workspace/JAVAWeb-Advanced/zcl-ssm/target/surefire 2019-01-31T14-10-50_693-jvmRun1 surefire1799234332742784185tmp surefire_01478162466022911805tmp"/>
    <property name="surefire.test.class.path" value="/home/homolo/桌面/zcl/workspace/JAVAWeb-Advanced/zcl-ssm/target/test-classes:/home/homolo/桌面/zcl/workspace/JAVAWeb-Advanced/zcl-ssm/target/classes:/home/homolo/桌面/zcl/repositories/junit/junit/4.11/junit-4.11.jar:/home/homolo/桌面/zcl/repositories/org/hamcrest/hamcrest-core/1.3/hamcrest-core-1.3.jar:/home/homolo/桌面/zcl/repositories/org/springframework/spring-webmvc/4.0.2.RELEASE/spring-webmvc-4.0.2.RELEASE.jar:/home/homolo/桌面/zcl/repositories/org/springframework/spring-beans/4.0.2.RELEASE/spring-beans-4.0.2.RELEASE.jar:/home/homolo/桌面/zcl/repositories/org/springframework/spring-core/4.0.2.RELEASE/spring-core-4.0.2.RELEASE.jar:/home/homolo/桌面/zcl/repositories/commons-logging/commons-logging/1.1.3/commons-logging-1.1.3.jar:/home/homolo/桌面/zcl/repositories/org/springframework/spring-expression/4.0.2.RELEASE/spring-expression-4.0.2.RELEASE.jar:/home/homolo/桌面/zcl/repositories/org/springframework/spring-context/4.0.2.RELEASE/spring-context-4.0.2.RELEASE.jar:/home/homolo/桌面/zcl/repositories/org/springframework/spring-aop/4.0.2.RELEASE/spring-aop-4.0.2.RELEASE.jar:/home/homolo/桌面/zcl/repositories/aopalliance/aopalliance/1.0/aopalliance-1.0.jar:/home/homolo/桌面/zcl/repositories/org/springframework/spring-web/4.0.2.RELEASE/spring-web-4.0.2.RELEASE.jar:/home/homolo/桌面/zcl/repositories/org/springframework/spring-aspects/4.0.2.RELEASE/spring-aspects-4.0.2.RELEASE.jar:/home/homolo/桌面/zcl/repositories/org/aspectj/aspectjweaver/1.7.4/aspectjweaver-1.7.4.jar:/home/homolo/桌面/zcl/repositories/org/mybatis/mybatis/3.4.6/mybatis-3.4.6.jar:/home/homolo/桌面/zcl/repositories/org/mybatis/mybatis-spring/1.3.0/mybatis-spring-1.3.0.jar:"/>
    <property name="sun.cpu.endian" value="little"/>
    <property name="user.home" value="/home/homolo"/>
    <property name="user.language" value="zh"/>
    <property name="java.specification.vendor" value="Oracle Corporation"/>
    <property name="java.home" value="/usr/lib/jvm/java-8-oracle/jre"/>
    <property name="basedir" value="/home/homolo/桌面/zcl/workspace/JAVAWeb-Advanced/zcl-ssm"/>
    <property name="file.separator" value="/"/>
    <property name="line.separator" value="&#10;"/>
    <property name="java.vm.specification.vendor" value="Oracle Corporation"/>
    <property name="java.specification.name" value="Java Platform API Specification"/>
    <property name="java.awt.graphicsenv" value="sun.awt.X11GraphicsEnvironment"/>
    <property name="surefire.real.class.path" value="/home/homolo/桌面/zcl/workspace/JAVAWeb-Advanced/zcl-ssm/target/surefire/surefirebooter3929599735732984944.jar"/>
    <property name="sun.boot.class.path" value="/usr/lib/jvm/java-8-oracle/jre/lib/resources.jar:/usr/lib/jvm/java-8-oracle/jre/lib/rt.jar:/usr/lib/jvm/java-8-oracle/jre/lib/sunrsasign.jar:/usr/lib/jvm/java-8-oracle/jre/lib/jsse.jar:/usr/lib/jvm/java-8-oracle/jre/lib/jce.jar:/usr/lib/jvm/java-8-oracle/jre/lib/charsets.jar:/usr/lib/jvm/java-8-oracle/jre/lib/jfr.jar:/usr/lib/jvm/java-8-oracle/jre/classes"/>
    <property name="sun.management.compiler" value="HotSpot 64-Bit Tiered Compilers"/>
    <property name="java.runtime.version" value="1.8.0_191-b12"/>
    <property name="user.name" value="homolo"/>
    <property name="path.separator" value=":"/>
    <property name="os.version" value="4.15.0-43-generic"/>
    <property name="java.endorsed.dirs" value="/usr/lib/jvm/java-8-oracle/jre/lib/endorsed"/>
    <property name="java.runtime.name" value="Java(TM) SE Runtime Environment"/>
    <property name="file.encoding" value="UTF-8"/>
    <property name="java.vm.name" value="Java HotSpot(TM) 64-Bit Server VM"/>
    <property name="localRepository" value="/home/homolo/桌面/zcl/repositories"/>
    <property name="java.vendor.url.bug" value="http://bugreport.sun.com/bugreport/"/>
    <property name="java.io.tmpdir" value="/tmp"/>
    <property name="idea.version" value="2017.3.5"/>
    <property name="java.version" value="1.8.0_191"/>
    <property name="user.dir" value="/home/homolo/桌面/zcl/workspace/JAVAWeb-Advanced/zcl-ssm"/>
    <property name="os.arch" value="amd64"/>
    <property name="java.vm.specification.name" value="Java Virtual Machine Specification"/>
    <property name="java.awt.printerjob" value="sun.print.PSPrinterJob"/>
    <property name="sun.os.patch.level" value="unknown"/>
    <property name="java.library.path" value="/usr/java/packages/lib/amd64:/usr/lib64:/lib64:/lib:/usr/lib"/>
    <property name="java.vm.info" value="mixed mode"/>
    <property name="java.vendor" value="Oracle Corporation"/>
    <property name="java.vm.version" value="25.191-b12"/>
    <property name="java.ext.dirs" value="/usr/lib/jvm/java-8-oracle/jre/lib/ext:/usr/java/packages/lib/ext"/>
    <property name="sun.io.unicode.encoding" value="UnicodeLittle"/>
    <property name="java.class.version" value="52.0"/>
  </properties>
  <testcase name="shouldAnswerWithTrue" classname="com.zcl.ssm.AppTest" time="0.002"/>
</testsuite>